<?xml version="1.0" encoding="UTF-8"?>
<testng-results ignored="0" total="1" passed="1" failed="0" skipped="0">
  <reporter-output>
  </reporter-output>
  <suite started-at="2022-12-30T22:19:26 IST" name="Default suite" finished-at="2022-12-30T22:19:40 IST" duration-ms="13098">
    <groups>
    </groups>
    <test started-at="2022-12-30T22:19:26 IST" name="Default test" finished-at="2022-12-30T22:19:40 IST" duration-ms="13098">
      <class name="com.demoshopqa.tests.LoginPageTest">
        <test-method is-config="true" signature="loadConfig()[pri:0, instance:com.demoshopqa.tests.LoginPageTest@6340e5f0]" started-at="2022-12-30T22:19:26 IST" name="loadConfig" finished-at="2022-12-30T22:19:26 IST" duration-ms="9" status="PASS">
          <reporter-output>
          </reporter-output>
        </test-method> <!-- loadConfig -->
        <test-method is-config="true" signature="setup()[pri:0, instance:com.demoshopqa.tests.LoginPageTest@6340e5f0]" started-at="2022-12-30T22:19:26 IST" name="setup" finished-at="2022-12-30T22:19:36 IST" duration-ms="9154" status="PASS">
          <reporter-output>
          </reporter-output>
        </test-method> <!-- setup -->
        <test-method signature="verifyLogin()[pri:0, instance:com.demoshopqa.tests.LoginPageTest@6340e5f0]" started-at="2022-12-30T22:19:36 IST" name="verifyLogin" finished-at="2022-12-30T22:19:39 IST" duration-ms="3684" status="PASS">
          <reporter-output>
          </reporter-output>
        </test-method> <!-- verifyLogin -->
        <test-method is-config="true" signature="teardonw()[pri:0, instance:com.demoshopqa.tests.LoginPageTest@6340e5f0]" started-at="2022-12-30T22:19:39 IST" name="teardonw" finished-at="2022-12-30T22:19:40 IST" duration-ms="215" status="PASS">
          <reporter-output>
          </reporter-output>
        </test-method> <!-- teardonw -->
      </class> <!-- com.demoshopqa.tests.LoginPageTest -->
    </test> <!-- Default test -->
  </suite> <!-- Default suite -->
</testng-results>
